2024-12-09 15:54:37 [main] INFO : initialize login page
mainhrowwable2024-12-09 15:54:37 [main] INFO : enter email address
mainhrowwable2024-12-09 15:54:37 [main] INFO : enter password
mainhrowwable2024-12-09 15:54:37 [main] INFO : click login
mainhrowwable2024-12-09 15:54:37 [main] INFO : init MyAccount Page object
mainhrowwable2024-12-09 15:54:37 [main] INFO : store result to a variable
mainhrowwable2024-12-09 15:54:47 [main] INFO : asserting result
mainhrowwable2024-12-09 15:54:47 [main] INFO : test pass
mainhrowwable2024-12-09 15:54:49 [main] DEBUG: application logs
mainhrowwable2024-12-09 15:54:49 [main] INFO : Starting TC 1
mainhrowwable2024-12-09 15:54:49 [main] INFO : Clicked MyAccount
mainhrowwable2024-12-09 15:54:54 [main] INFO : Clicked Register Link
mainhrowwable2024-12-09 15:54:54 [main] INFO : Initiate Registration Page
mainhrowwable2024-12-09 15:54:54 [main] INFO : entering name, lname etc
mainhrowwable2024-12-09 15:54:55 [main] INFO : Check Privacy Button TC 1
mainhrowwable2024-12-09 15:54:55 [main] INFO : Click Continue TC 1
mainhrowwable2024-12-09 15:54:55 [main] INFO : asserting account creation assertion
mainhrowwable2024-12-09 15:54:57 [main] INFO : ***Starting tc_002_login_test ****
mainhrowwable2024-12-09 15:54:57 [main] INFO : initializing HomePage Class
mainhrowwable2024-12-09 15:54:57 [main] INFO : clicking myacct button
mainhrowwable2024-12-09 15:54:57 [main] INFO : click login button
mainhrowwable2024-12-09 15:54:57 [main] INFO : initialize login page
mainhrowwable2024-12-09 15:54:57 [main] INFO : enter email address
mainhrowwable2024-12-09 15:54:57 [main] INFO : enter password
mainhrowwable2024-12-09 15:54:57 [main] INFO : click login
mainhrowwable2024-12-09 15:54:57 [main] INFO : init MyAccount Page object
mainhrowwable2024-12-09 15:54:57 [main] INFO : store result to a variable
mainhrowwable2024-12-09 15:54:57 [main] INFO : asserting result
mainhrowwable2024-12-09 15:54:57 [main] INFO : Login test passed
mainhrowwable2024-12-09 15:54:57 [main] INFO : logging out
mainhrowwable2024-12-09 15:55:04 [main] INFO : ***Starting tc_004_login_test ****
mainhrowwable2024-12-09 15:55:04 [main] INFO : initializing HomePage Class
mainhrowwable2024-12-09 15:55:04 [main] INFO : clicking myacct button
mainhrowwable2024-12-09 15:55:04 [main] INFO : click login button
mainhrowwable2024-12-09 15:55:04 [main] INFO : initialize login page
mainhrowwable2024-12-09 15:55:04 [main] INFO : enter email address
mainhrowwable2024-12-09 15:55:04 [main] INFO : enter password
mainhrowwable2024-12-09 15:55:04 [main] INFO : click login
mainhrowwable2024-12-09 15:55:05 [main] INFO : init MyAccount Page object
mainhrowwable2024-12-09 15:55:05 [main] INFO : store result to a variable
mainhrowwable2024-12-09 15:55:05 [main] INFO : asserting result
mainhrowwable2024-12-09 15:55:05 [main] INFO : test passed
mainhrowwable2024-12-09 15:55:05 [main] INFO : ***Starting tc_004_login_test ****
mainhrowwable2024-12-09 15:55:05 [main] INFO : initializing HomePage Class
mainhrowwable2024-12-09 15:55:05 [main] INFO : clicking myacct button
mainhrowwable2024-12-09 15:55:05 [main] INFO : click login button
mainhrowwable2024-12-09 15:55:05 [main] INFO : initialize login page
mainhrowwable2024-12-09 15:55:05 [main] INFO : enter email address
mainhrowwable2024-12-09 15:55:05 [main] INFO : enter password
mainhrowwable2024-12-09 15:55:05 [main] INFO : click login
mainhrowwable2024-12-09 15:55:05 [main] INFO : init MyAccount Page object
mainhrowwable2024-12-09 15:55:05 [main] INFO : store result to a variable
mainhrowwable2024-12-09 15:55:05 [main] INFO : asserting result
mainhrowwable2024-12-09 15:55:05 [main] INFO : test passed
mainhrowwable2024-12-09 15:55:05 [main] INFO : ***Starting tc_004_login_test ****
mainhrowwable2024-12-09 15:55:05 [main] INFO : initializing HomePage Class
mainhrowwable2024-12-09 15:55:05 [main] INFO : clicking myacct button
mainhrowwable2024-12-09 15:55:05 [main] INFO : click login button
mainhrowwable2024-12-09 15:55:05 [main] INFO : initialize login page
mainhrowwable2024-12-09 15:55:05 [main] INFO : enter email address
mainhrowwable2024-12-09 15:55:05 [main] INFO : enter password
mainhrowwable2024-12-09 15:55:05 [main] INFO : click login
mainhrowwable2024-12-09 15:55:05 [main] INFO : init MyAccount Page object
mainhrowwable2024-12-09 15:55:05 [main] INFO : store result to a variable
mainhrowwable2024-12-09 15:55:15 [main] INFO : asserting result
mainhrowwable2024-12-09 15:55:15 [main] INFO : test pass
mainhrowwable2024-12-09 15:55:15 [main] INFO : ***Starting tc_004_login_test ****
mainhrowwable2024-12-09 15:55:15 [main] INFO : initializing HomePage Class
mainhrowwable2024-12-09 15:55:15 [main] INFO : clicking myacct button
mainhrowwable2024-12-09 15:55:15 [main] INFO : click login button
mainhrowwable2024-12-09 15:55:16 [main] INFO : initialize login page
mainhrowwable2024-12-09 15:55:16 [main] INFO : enter email address
mainhrowwable2024-12-09 15:55:16 [main] INFO : enter password
mainhrowwable2024-12-09 15:55:16 [main] INFO : click login
mainhrowwable